\BOOKMARK [0][-]{chapter*.8}{Introduction}{}% 1
\BOOKMARK [0][-]{chapter.1}{Circuits utiles pour l'UCM Nano}{}% 2
\BOOKMARK [1][-]{section.1.1}{Circuits pour \351cr\352ter la tension}{chapter.1}% 3
\BOOKMARK [2][-]{subsection.1.1.1}{Circuit avec des diodes Transil}{section.1.1}% 4
\BOOKMARK [2][-]{subsection.1.1.2}{Circuits avec des transistors}{section.1.1}% 5
\BOOKMARK [1][-]{section.1.2}{Commande d'un convertisseur DC-DC "buck"}{chapter.1}% 6
\BOOKMARK [2][-]{subsection.1.2.1}{Version I}{section.1.2}% 7
\BOOKMARK [2][-]{subsection.1.2.2}{Version II}{section.1.2}% 8
\BOOKMARK [1][-]{section.1.3}{Valises de test et manipulations de l'UCM Nano}{chapter.1}% 9
\BOOKMARK [2][-]{subsection.1.3.1}{Corriger valise de test de la version A}{section.1.3}% 10
\BOOKMARK [2][-]{subsection.1.3.2}{Actualiser la valise de test pour la version B}{section.1.3}% 11
\BOOKMARK [2][-]{subsection.1.3.3}{C\342blage d'une manipulation pour la qualification de la version A}{section.1.3}% 12
\BOOKMARK [0][-]{chapter.2}{Acquisition automatique pour des tests}{}% 13
\BOOKMARK [1][-]{section.2.1}{D\351finition des mat\351riel et logiciel \340 utiliser}{chapter.2}% 14
\BOOKMARK [2][-]{subsection.2.1.1}{Instrument de mesure choisi}{section.2.1}% 15
\BOOKMARK [2][-]{subsection.2.1.2}{Langage choisi pour la programmation des tests}{section.2.1}% 16
\BOOKMARK [1][-]{section.2.2}{Communication avec la carte par le bus CAN}{chapter.2}% 17
\BOOKMARK [2][-]{subsection.2.2.1}{Structure de trame}{section.2.2}% 18
\BOOKMARK [0][-]{chapter.3}{Calibration de la mesure de courant}{}% 19
\BOOKMARK [1][-]{section.3.1}{S\351quences de test sur TestStand}{chapter.3}% 20
\BOOKMARK [1][-]{section.3.2}{Connection de la sortie et des charges}{chapter.3}% 21
\BOOKMARK [1][-]{section.3.3}{Activation des sorties de l'UCM Nano}{chapter.3}% 22
\BOOKMARK [1][-]{section.3.4}{Mesure du courant}{chapter.3}% 23
\BOOKMARK [2][-]{subsection.3.4.1}{Mesure de courant avec le multim\350tre}{section.3.4}% 24
\BOOKMARK [2][-]{subsection.3.4.2}{Mesure de courant avec la carte}{section.3.4}% 25
\BOOKMARK [1][-]{section.3.5}{Calcule du gain et de l'offset}{chapter.3}% 26
\BOOKMARK [1][-]{section.3.6}{\311criture dans la m\351moire}{chapter.3}% 27
\BOOKMARK [0][-]{chapter*.26}{Conclusion}{}% 28
